{"/Users/msriv/Documents/CodaPayments/src/application.js": {"path":"/Users/msriv/Documents/CodaPayments/src/application.js","statementMap":{"0":{"start":{"line":8,"column":4},"end":{"line":8,"column":25}},"1":{"start":{"line":9,"column":4},"end":{"line":9,"column":38}},"2":{"start":{"line":10,"column":4},"end":{"line":10,"column":29}},"3":{"start":{"line":14,"column":4},"end":{"line":14,"column":48}},"4":{"start":{"line":15,"column":4},"end":{"line":15,"column":66}},"5":{"start":{"line":19,"column":4},"end":{"line":23,"column":7}},"6":{"start":{"line":27,"column":4},"end":{"line":33,"column":7}},"7":{"start":{"line":37,"column":4},"end":{"line":37,"column":53}},"8":{"start":{"line":38,"column":4},"end":{"line":38,"column":63}},"9":{"start":{"line":39,"column":4},"end":{"line":39,"column":51}},"10":{"start":{"line":40,"column":4},"end":{"line":40,"column":45}},"11":{"start":{"line":44,"column":4},"end":{"line":49,"column":5}},"12":{"start":{"line":45,"column":6},"end":{"line":45,"column":45}},"13":{"start":{"line":46,"column":6},"end":{"line":46,"column":59}},"14":{"start":{"line":47,"column":6},"end":{"line":47,"column":45}},"15":{"start":{"line":48,"column":6},"end":{"line":48,"column":13}},"16":{"start":{"line":51,"column":22},"end":{"line":51,"column":49}},"17":{"start":{"line":53,"column":4},"end":{"line":55,"column":7}},"18":{"start":{"line":54,"column":6},"end":{"line":54,"column":78}},"19":{"start":{"line":59,"column":21},"end":{"line":59,"column":23}},"20":{"start":{"line":61,"column":4},"end":{"line":63,"column":7}},"21":{"start":{"line":62,"column":6},"end":{"line":62,"column":38}},"22":{"start":{"line":65,"column":4},"end":{"line":88,"column":7}},"23":{"start":{"line":66,"column":6},"end":{"line":87,"column":7}},"24":{"start":{"line":67,"column":8},"end":{"line":67,"column":68}},"25":{"start":{"line":76,"column":8},"end":{"line":76,"column":67}},"26":{"start":{"line":77,"column":8},"end":{"line":77,"column":28}},"27":{"start":{"line":78,"column":8},"end":{"line":78,"column":57}},"28":{"start":{"line":80,"column":8},"end":{"line":86,"column":10}},"29":{"start":{"line":90,"column":4},"end":{"line":98,"column":7}},"30":{"start":{"line":91,"column":6},"end":{"line":97,"column":8}},"31":{"start":{"line":102,"column":4},"end":{"line":111,"column":5}},"32":{"start":{"line":103,"column":6},"end":{"line":109,"column":8}},"33":{"start":{"line":110,"column":6},"end":{"line":110,"column":13}},"34":{"start":{"line":113,"column":4},"end":{"line":113,"column":65}},"35":{"start":{"line":114,"column":4},"end":{"line":114,"column":57}},"36":{"start":{"line":115,"column":4},"end":{"line":115,"column":64}},"37":{"start":{"line":119,"column":4},"end":{"line":125,"column":6}},"38":{"start":{"line":126,"column":4},"end":{"line":126,"column":57}},"39":{"start":{"line":127,"column":4},"end":{"line":127,"column":34}},"40":{"start":{"line":128,"column":4},"end":{"line":128,"column":62}},"41":{"start":{"line":132,"column":4},"end":{"line":145,"column":7}},"42":{"start":{"line":133,"column":24},"end":{"line":133,"column":53}},"43":{"start":{"line":134,"column":6},"end":{"line":134,"column":41}},"44":{"start":{"line":135,"column":6},"end":{"line":135,"column":67}},"45":{"start":{"line":138,"column":6},"end":{"line":144,"column":7}},"46":{"start":{"line":139,"column":8},"end":{"line":139,"column":52}},"47":{"start":{"line":140,"column":13},"end":{"line":144,"column":7}},"48":{"start":{"line":141,"column":8},"end":{"line":141,"column":52}},"49":{"start":{"line":143,"column":8},"end":{"line":143,"column":58}},"50":{"start":{"line":149,"column":4},"end":{"line":151,"column":7}},"51":{"start":{"line":150,"column":6},"end":{"line":150,"column":65}},"52":{"start":{"line":153,"column":4},"end":{"line":155,"column":7}},"53":{"start":{"line":154,"column":6},"end":{"line":154,"column":22}},"54":{"start":{"line":157,"column":4},"end":{"line":160,"column":7}},"55":{"start":{"line":158,"column":6},"end":{"line":158,"column":62}},"56":{"start":{"line":159,"column":6},"end":{"line":159,"column":23}},"57":{"start":{"line":162,"column":4},"end":{"line":165,"column":7}},"58":{"start":{"line":163,"column":6},"end":{"line":163,"column":72}},"59":{"start":{"line":164,"column":6},"end":{"line":164,"column":23}},"60":{"start":{"line":169,"column":4},"end":{"line":169,"column":48}},"61":{"start":{"line":170,"column":4},"end":{"line":173,"column":7}},"62":{"start":{"line":171,"column":6},"end":{"line":171,"column":52}},"63":{"start":{"line":172,"column":6},"end":{"line":172,"column":29}},"64":{"start":{"line":177,"column":17},"end":{"line":177,"column":55}},"65":{"start":{"line":178,"column":17},"end":{"line":178,"column":35}},"66":{"start":{"line":180,"column":4},"end":{"line":180,"column":30}},"67":{"start":{"line":182,"column":4},"end":{"line":184,"column":7}},"68":{"start":{"line":183,"column":6},"end":{"line":183,"column":57}},"69":{"start":{"line":188,"column":0},"end":{"line":191,"column":1}},"70":{"start":{"line":189,"column":14},"end":{"line":189,"column":31}},"71":{"start":{"line":190,"column":2},"end":{"line":190,"column":14}}},"fnMap":{"0":{"name":"(anonymous_0)","decl":{"start":{"line":7,"column":2},"end":{"line":7,"column":3}},"loc":{"start":{"line":7,"column":16},"end":{"line":11,"column":3}},"line":7},"1":{"name":"(anonymous_1)","decl":{"start":{"line":13,"column":2},"end":{"line":13,"column":3}},"loc":{"start":{"line":13,"column":22},"end":{"line":16,"column":3}},"line":13},"2":{"name":"(anonymous_2)","decl":{"start":{"line":18,"column":2},"end":{"line":18,"column":3}},"loc":{"start":{"line":18,"column":27},"end":{"line":24,"column":3}},"line":18},"3":{"name":"(anonymous_3)","decl":{"start":{"line":26,"column":2},"end":{"line":26,"column":3}},"loc":{"start":{"line":26,"column":25},"end":{"line":34,"column":3}},"line":26},"4":{"name":"(anonymous_4)","decl":{"start":{"line":36,"column":2},"end":{"line":36,"column":3}},"loc":{"start":{"line":36,"column":41},"end":{"line":41,"column":3}},"line":36},"5":{"name":"(anonymous_5)","decl":{"start":{"line":43,"column":2},"end":{"line":43,"column":3}},"loc":{"start":{"line":43,"column":47},"end":{"line":56,"column":3}},"line":43},"6":{"name":"(anonymous_6)","decl":{"start":{"line":53,"column":22},"end":{"line":53,"column":23}},"loc":{"start":{"line":53,"column":48},"end":{"line":55,"column":5}},"line":53},"7":{"name":"(anonymous_7)","decl":{"start":{"line":58,"column":2},"end":{"line":58,"column":3}},"loc":{"start":{"line":58,"column":69},"end":{"line":99,"column":3}},"line":58},"8":{"name":"(anonymous_8)","decl":{"start":{"line":61,"column":19},"end":{"line":61,"column":20}},"loc":{"start":{"line":61,"column":31},"end":{"line":63,"column":5}},"line":61},"9":{"name":"(anonymous_9)","decl":{"start":{"line":65,"column":18},"end":{"line":65,"column":19}},"loc":{"start":{"line":65,"column":24},"end":{"line":88,"column":5}},"line":65},"10":{"name":"(anonymous_10)","decl":{"start":{"line":90,"column":20},"end":{"line":90,"column":21}},"loc":{"start":{"line":90,"column":31},"end":{"line":98,"column":5}},"line":90},"11":{"name":"(anonymous_11)","decl":{"start":{"line":101,"column":2},"end":{"line":101,"column":3}},"loc":{"start":{"line":101,"column":73},"end":{"line":116,"column":3}},"line":101},"12":{"name":"(anonymous_12)","decl":{"start":{"line":118,"column":2},"end":{"line":118,"column":3}},"loc":{"start":{"line":118,"column":47},"end":{"line":129,"column":3}},"line":118},"13":{"name":"(anonymous_13)","decl":{"start":{"line":131,"column":2},"end":{"line":131,"column":3}},"loc":{"start":{"line":131,"column":17},"end":{"line":146,"column":3}},"line":131},"14":{"name":"(anonymous_14)","decl":{"start":{"line":132,"column":29},"end":{"line":132,"column":30}},"loc":{"start":{"line":132,"column":43},"end":{"line":145,"column":5}},"line":132},"15":{"name":"(anonymous_15)","decl":{"start":{"line":148,"column":2},"end":{"line":148,"column":3}},"loc":{"start":{"line":148,"column":23},"end":{"line":166,"column":3}},"line":148},"16":{"name":"(anonymous_16)","decl":{"start":{"line":149,"column":28},"end":{"line":149,"column":29}},"loc":{"start":{"line":149,"column":39},"end":{"line":151,"column":5}},"line":149},"17":{"name":"(anonymous_17)","decl":{"start":{"line":153,"column":26},"end":{"line":153,"column":27}},"loc":{"start":{"line":153,"column":32},"end":{"line":155,"column":5}},"line":153},"18":{"name":"(anonymous_18)","decl":{"start":{"line":157,"column":36},"end":{"line":157,"column":37}},"loc":{"start":{"line":157,"column":47},"end":{"line":160,"column":5}},"line":157},"19":{"name":"(anonymous_19)","decl":{"start":{"line":162,"column":37},"end":{"line":162,"column":38}},"loc":{"start":{"line":162,"column":49},"end":{"line":165,"column":5}},"line":162},"20":{"name":"(anonymous_20)","decl":{"start":{"line":168,"column":2},"end":{"line":168,"column":3}},"loc":{"start":{"line":168,"column":25},"end":{"line":174,"column":3}},"line":168},"21":{"name":"(anonymous_21)","decl":{"start":{"line":170,"column":22},"end":{"line":170,"column":23}},"loc":{"start":{"line":170,"column":28},"end":{"line":173,"column":5}},"line":170},"22":{"name":"(anonymous_22)","decl":{"start":{"line":176,"column":2},"end":{"line":176,"column":3}},"loc":{"start":{"line":176,"column":10},"end":{"line":185,"column":3}},"line":176},"23":{"name":"(anonymous_23)","decl":{"start":{"line":182,"column":35},"end":{"line":182,"column":36}},"loc":{"start":{"line":182,"column":41},"end":{"line":184,"column":5}},"line":182}},"branchMap":{"0":{"loc":{"start":{"line":44,"column":4},"end":{"line":49,"column":5}},"type":"if","locations":[{"start":{"line":44,"column":4},"end":{"line":49,"column":5}},{"start":{},"end":{}}],"line":44},"1":{"loc":{"start":{"line":102,"column":4},"end":{"line":111,"column":5}},"type":"if","locations":[{"start":{"line":102,"column":4},"end":{"line":111,"column":5}},{"start":{},"end":{}}],"line":102},"2":{"loc":{"start":{"line":138,"column":6},"end":{"line":144,"column":7}},"type":"if","locations":[{"start":{"line":138,"column":6},"end":{"line":144,"column":7}},{"start":{"line":140,"column":13},"end":{"line":144,"column":7}}],"line":138},"3":{"loc":{"start":{"line":138,"column":10},"end":{"line":138,"column":56}},"type":"binary-expr","locations":[{"start":{"line":138,"column":10},"end":{"line":138,"column":30}},{"start":{"line":138,"column":34},"end":{"line":138,"column":56}}],"line":138},"4":{"loc":{"start":{"line":140,"column":13},"end":{"line":144,"column":7}},"type":"if","locations":[{"start":{"line":140,"column":13},"end":{"line":144,"column":7}},{"start":{"line":142,"column":13},"end":{"line":144,"column":7}}],"line":140},"5":{"loc":{"start":{"line":168,"column":11},"end":{"line":168,"column":23}},"type":"default-arg","locations":[{"start":{"line":168,"column":22},"end":{"line":168,"column":23}}],"line":168},"6":{"loc":{"start":{"line":177,"column":17},"end":{"line":177,"column":55}},"type":"binary-expr","locations":[{"start":{"line":177,"column":17},"end":{"line":177,"column":33}},{"start":{"line":177,"column":37},"end":{"line":177,"column":55}}],"line":177},"7":{"loc":{"start":{"line":188,"column":0},"end":{"line":191,"column":1}},"type":"if","locations":[{"start":{"line":188,"column":0},"end":{"line":191,"column":1}},{"start":{},"end":{}}],"line":188}},"s":{"0":5,"1":5,"2":5,"3":5,"4":5,"5":0,"6":0,"7":0,"8":0,"9":0,"10":0,"11":0,"12":0,"13":0,"14":0,"15":0,"16":0,"17":0,"18":0,"19":0,"20":0,"21":0,"22":0,"23":0,"24":0,"25":0,"26":0,"27":0,"28":0,"29":0,"30":0,"31":0,"32":0,"33":0,"34":0,"35":0,"36":0,"37":0,"38":0,"39":0,"40":0,"41":5,"42":0,"43":0,"44":0,"45":0,"46":0,"47":0,"48":0,"49":0,"50":2,"51":0,"52":2,"53":0,"54":2,"55":0,"56":0,"57":2,"58":0,"59":0,"60":1,"61":1,"62":0,"63":0,"64":2,"65":2,"66":2,"67":2,"68":0,"69":1,"70":0,"71":0},"f":{"0":5,"1":5,"2":0,"3":0,"4":0,"5":0,"6":0,"7":0,"8":0,"9":0,"10":0,"11":0,"12":0,"13":5,"14":0,"15":2,"16":0,"17":0,"18":0,"19":0,"20":1,"21":0,"22":2,"23":0},"b":{"0":[0,0],"1":[0,0],"2":[0,0],"3":[0,0],"4":[0,0],"5":[1],"6":[2,2],"7":[0,1]},"_coverageSchema":"1a1c01bbd47fc00a2c39e90264f33305004495a9","hash":"987f473f57ed71650817f83f67adacee48940f0b"}
,"/Users/msriv/Documents/CodaPayments/src/config/config.js": {"path":"/Users/msriv/Documents/CodaPayments/src/config/config.js","statementMap":{},"fnMap":{},"branchMap":{"0":{"loc":{"start":{"line":3,"column":10},"end":{"line":3,"column":52}},"type":"binary-expr","locations":[{"start":{"line":3,"column":10},"end":{"line":3,"column":40}},{"start":{"line":3,"column":44},"end":{"line":3,"column":52}}],"line":3},"1":{"loc":{"start":{"line":11,"column":10},"end":{"line":11,"column":44}},"type":"binary-expr","locations":[{"start":{"line":11,"column":10},"end":{"line":11,"column":36}},{"start":{"line":11,"column":40},"end":{"line":11,"column":44}}],"line":11},"2":{"loc":{"start":{"line":12,"column":10},"end":{"line":12,"column":41}},"type":"binary-expr","locations":[{"start":{"line":12,"column":10},"end":{"line":12,"column":26}},{"start":{"line":12,"column":30},"end":{"line":12,"column":41}}],"line":12}},"s":{},"f":{},"b":{"0":[1,1],"1":[1,1],"2":[1,1]},"_coverageSchema":"1a1c01bbd47fc00a2c39e90264f33305004495a9","hash":"f7f40be95e2aafb8bcafcbb371d1c6d898f5ef1d"}
,"/Users/msriv/Documents/CodaPayments/src/load-balancer/BaseLoadBalancer.js": {"path":"/Users/msriv/Documents/CodaPayments/src/load-balancer/BaseLoadBalancer.js","statementMap":{"0":{"start":{"line":3,"column":4},"end":{"line":3,"column":23}},"1":{"start":{"line":4,"column":4},"end":{"line":4,"column":25}},"2":{"start":{"line":5,"column":4},"end":{"line":5,"column":29}},"3":{"start":{"line":9,"column":4},"end":{"line":11,"column":13}},"4":{"start":{"line":10,"column":6},"end":{"line":10,"column":33}},"5":{"start":{"line":15,"column":4},"end":{"line":17,"column":6}},"6":{"start":{"line":16,"column":19},"end":{"line":16,"column":65}},"7":{"start":{"line":21,"column":4},"end":{"line":23,"column":5}},"8":{"start":{"line":22,"column":6},"end":{"line":22,"column":52}},"9":{"start":{"line":25,"column":4},"end":{"line":27,"column":5}},"10":{"start":{"line":26,"column":6},"end":{"line":26,"column":53}},"11":{"start":{"line":29,"column":4},"end":{"line":35,"column":5}},"12":{"start":{"line":31,"column":21},"end":{"line":31,"column":67}},"13":{"start":{"line":34,"column":6},"end":{"line":34,"column":62}},"14":{"start":{"line":39,"column":4},"end":{"line":58,"column":5}},"15":{"start":{"line":40,"column":6},"end":{"line":57,"column":7}},"16":{"start":{"line":41,"column":25},"end":{"line":46,"column":9}},"17":{"start":{"line":47,"column":8},"end":{"line":47,"column":38}},"18":{"start":{"line":49,"column":8},"end":{"line":49,"column":32}},"19":{"start":{"line":50,"column":8},"end":{"line":56,"column":10}},"20":{"start":{"line":63,"column":4},"end":{"line":63,"column":62}},"21":{"start":{"line":63,"column":45},"end":{"line":63,"column":60}},"22":{"start":{"line":67,"column":4},"end":{"line":67,"column":77}},"23":{"start":{"line":71,"column":4},"end":{"line":71,"column":73}}},"fnMap":{"0":{"name":"(anonymous_0)","decl":{"start":{"line":2,"column":2},"end":{"line":2,"column":3}},"loc":{"start":{"line":2,"column":22},"end":{"line":6,"column":3}},"line":2},"1":{"name":"(anonymous_1)","decl":{"start":{"line":8,"column":2},"end":{"line":8,"column":3}},"loc":{"start":{"line":8,"column":22},"end":{"line":12,"column":3}},"line":8},"2":{"name":"(anonymous_2)","decl":{"start":{"line":9,"column":16},"end":{"line":9,"column":17}},"loc":{"start":{"line":9,"column":22},"end":{"line":11,"column":5}},"line":9},"3":{"name":"(anonymous_3)","decl":{"start":{"line":14,"column":2},"end":{"line":14,"column":3}},"loc":{"start":{"line":14,"column":32},"end":{"line":18,"column":3}},"line":14},"4":{"name":"(anonymous_4)","decl":{"start":{"line":16,"column":6},"end":{"line":16,"column":7}},"loc":{"start":{"line":16,"column":19},"end":{"line":16,"column":65}},"line":16},"5":{"name":"(anonymous_5)","decl":{"start":{"line":20,"column":2},"end":{"line":20,"column":3}},"loc":{"start":{"line":20,"column":30},"end":{"line":36,"column":3}},"line":20},"6":{"name":"(anonymous_6)","decl":{"start":{"line":31,"column":8},"end":{"line":31,"column":9}},"loc":{"start":{"line":31,"column":21},"end":{"line":31,"column":67}},"line":31},"7":{"name":"(anonymous_7)","decl":{"start":{"line":38,"column":2},"end":{"line":38,"column":3}},"loc":{"start":{"line":38,"column":30},"end":{"line":59,"column":3}},"line":38},"8":{"name":"(anonymous_8)","decl":{"start":{"line":62,"column":2},"end":{"line":62,"column":3}},"loc":{"start":{"line":62,"column":23},"end":{"line":64,"column":3}},"line":62},"9":{"name":"(anonymous_9)","decl":{"start":{"line":63,"column":32},"end":{"line":63,"column":33}},"loc":{"start":{"line":63,"column":45},"end":{"line":63,"column":60}},"line":63},"10":{"name":"(anonymous_10)","decl":{"start":{"line":66,"column":2},"end":{"line":66,"column":3}},"loc":{"start":{"line":66,"column":33},"end":{"line":68,"column":3}},"line":66},"11":{"name":"(anonymous_11)","decl":{"start":{"line":70,"column":2},"end":{"line":70,"column":3}},"loc":{"start":{"line":70,"column":19},"end":{"line":72,"column":3}},"line":70}},"branchMap":{"0":{"loc":{"start":{"line":16,"column":19},"end":{"line":16,"column":65}},"type":"binary-expr","locations":[{"start":{"line":16,"column":19},"end":{"line":16,"column":40}},{"start":{"line":16,"column":44},"end":{"line":16,"column":65}}],"line":16},"1":{"loc":{"start":{"line":21,"column":4},"end":{"line":23,"column":5}},"type":"if","locations":[{"start":{"line":21,"column":4},"end":{"line":23,"column":5}},{"start":{},"end":{}}],"line":21},"2":{"loc":{"start":{"line":21,"column":8},"end":{"line":21,"column":22}},"type":"binary-expr","locations":[{"start":{"line":21,"column":8},"end":{"line":21,"column":13}},{"start":{"line":21,"column":17},"end":{"line":21,"column":22}}],"line":21},"3":{"loc":{"start":{"line":25,"column":4},"end":{"line":27,"column":5}},"type":"if","locations":[{"start":{"line":25,"column":4},"end":{"line":27,"column":5}},{"start":{},"end":{}}],"line":25},"4":{"loc":{"start":{"line":25,"column":8},"end":{"line":25,"column":60}},"type":"binary-expr","locations":[{"start":{"line":25,"column":8},"end":{"line":25,"column":32}},{"start":{"line":25,"column":36},"end":{"line":25,"column":60}}],"line":25},"5":{"loc":{"start":{"line":29,"column":4},"end":{"line":35,"column":5}},"type":"if","locations":[{"start":{"line":29,"column":4},"end":{"line":35,"column":5}},{"start":{},"end":{}}],"line":29},"6":{"loc":{"start":{"line":31,"column":21},"end":{"line":31,"column":67}},"type":"binary-expr","locations":[{"start":{"line":31,"column":21},"end":{"line":31,"column":42}},{"start":{"line":31,"column":46},"end":{"line":31,"column":67}}],"line":31}},"s":{"0":10,"1":10,"2":10,"3":10,"4":0,"5":1,"6":2,"7":11,"8":2,"9":9,"10":2,"11":7,"12":2,"13":6,"14":2,"15":2,"16":2,"17":1,"18":1,"19":1,"20":1,"21":3,"22":1,"23":1},"f":{"0":10,"1":10,"2":0,"3":1,"4":2,"5":11,"6":2,"7":2,"8":1,"9":3,"10":1,"11":1},"b":{"0":[2,1],"1":[2,9],"2":[11,10],"3":[2,7],"4":[9,8],"5":[6,1],"6":[2,1]},"_coverageSchema":"1a1c01bbd47fc00a2c39e90264f33305004495a9","hash":"0db19cc8ddddf116d789f78d1e484b011bf01da1"}
,"/Users/msriv/Documents/CodaPayments/src/load-balancer/LRTLoadBalancer.js": {"path":"/Users/msriv/Documents/CodaPayments/src/load-balancer/LRTLoadBalancer.js","statementMap":{"0":{"start":{"line":5,"column":4},"end":{"line":5,"column":18}},"1":{"start":{"line":9,"column":4},"end":{"line":11,"column":5}},"2":{"start":{"line":10,"column":6},"end":{"line":10,"column":52}},"3":{"start":{"line":13,"column":4},"end":{"line":19,"column":6}},"4":{"start":{"line":23,"column":28},"end":{"line":23,"column":53}},"5":{"start":{"line":24,"column":4},"end":{"line":26,"column":5}},"6":{"start":{"line":25,"column":6},"end":{"line":25,"column":55}},"7":{"start":{"line":27,"column":4},"end":{"line":32,"column":7}},"8":{"start":{"line":28,"column":6},"end":{"line":28,"column":35}},"9":{"start":{"line":28,"column":20},"end":{"line":28,"column":35}},"10":{"start":{"line":29,"column":6},"end":{"line":31,"column":18}},"11":{"start":{"line":37,"column":4},"end":{"line":39,"column":5}},"12":{"start":{"line":38,"column":6},"end":{"line":38,"column":58}},"13":{"start":{"line":40,"column":20},"end":{"line":42,"column":5}},"14":{"start":{"line":41,"column":13},"end":{"line":41,"column":47}},"15":{"start":{"line":43,"column":4},"end":{"line":45,"column":5}},"16":{"start":{"line":44,"column":6},"end":{"line":44,"column":59}},"17":{"start":{"line":46,"column":4},"end":{"line":46,"column":28}},"18":{"start":{"line":47,"column":4},"end":{"line":47,"column":46}},"19":{"start":{"line":48,"column":4},"end":{"line":48,"column":80}}},"fnMap":{"0":{"name":"(anonymous_0)","decl":{"start":{"line":4,"column":2},"end":{"line":4,"column":3}},"loc":{"start":{"line":4,"column":22},"end":{"line":6,"column":3}},"line":4},"1":{"name":"(anonymous_1)","decl":{"start":{"line":8,"column":2},"end":{"line":8,"column":3}},"loc":{"start":{"line":8,"column":33},"end":{"line":20,"column":3}},"line":8},"2":{"name":"(anonymous_2)","decl":{"start":{"line":22,"column":2},"end":{"line":22,"column":3}},"loc":{"start":{"line":22,"column":19},"end":{"line":33,"column":3}},"line":22},"3":{"name":"(anonymous_3)","decl":{"start":{"line":27,"column":34},"end":{"line":27,"column":35}},"loc":{"start":{"line":27,"column":56},"end":{"line":32,"column":5}},"line":27},"4":{"name":"(anonymous_4)","decl":{"start":{"line":36,"column":2},"end":{"line":36,"column":3}},"loc":{"start":{"line":36,"column":47},"end":{"line":49,"column":3}},"line":36},"5":{"name":"(anonymous_5)","decl":{"start":{"line":41,"column":6},"end":{"line":41,"column":7}},"loc":{"start":{"line":41,"column":13},"end":{"line":41,"column":47}},"line":41}},"branchMap":{"0":{"loc":{"start":{"line":9,"column":4},"end":{"line":11,"column":5}},"type":"if","locations":[{"start":{"line":9,"column":4},"end":{"line":11,"column":5}},{"start":{},"end":{}}],"line":9},"1":{"loc":{"start":{"line":9,"column":8},"end":{"line":9,"column":22}},"type":"binary-expr","locations":[{"start":{"line":9,"column":8},"end":{"line":9,"column":13}},{"start":{"line":9,"column":17},"end":{"line":9,"column":22}}],"line":9},"2":{"loc":{"start":{"line":24,"column":4},"end":{"line":26,"column":5}},"type":"if","locations":[{"start":{"line":24,"column":4},"end":{"line":26,"column":5}},{"start":{},"end":{}}],"line":24},"3":{"loc":{"start":{"line":28,"column":6},"end":{"line":28,"column":35}},"type":"if","locations":[{"start":{"line":28,"column":6},"end":{"line":28,"column":35}},{"start":{},"end":{}}],"line":28},"4":{"loc":{"start":{"line":29,"column":13},"end":{"line":31,"column":17}},"type":"cond-expr","locations":[{"start":{"line":30,"column":10},"end":{"line":30,"column":17}},{"start":{"line":31,"column":10},"end":{"line":31,"column":17}}],"line":29},"5":{"loc":{"start":{"line":37,"column":4},"end":{"line":39,"column":5}},"type":"if","locations":[{"start":{"line":37,"column":4},"end":{"line":39,"column":5}},{"start":{},"end":{}}],"line":37},"6":{"loc":{"start":{"line":41,"column":13},"end":{"line":41,"column":47}},"type":"binary-expr","locations":[{"start":{"line":41,"column":13},"end":{"line":41,"column":28}},{"start":{"line":41,"column":32},"end":{"line":41,"column":47}}],"line":41},"7":{"loc":{"start":{"line":43,"column":4},"end":{"line":45,"column":5}},"type":"if","locations":[{"start":{"line":43,"column":4},"end":{"line":45,"column":5}},{"start":{},"end":{}}],"line":43}},"s":{"0":11,"1":3,"2":2,"3":1,"4":3,"5":3,"6":1,"7":2,"8":3,"9":0,"10":3,"11":4,"12":1,"13":3,"14":3,"15":3,"16":1,"17":2,"18":2,"19":2},"f":{"0":11,"1":3,"2":3,"3":3,"4":4,"5":3},"b":{"0":[2,1],"1":[3,2],"2":[1,2],"3":[0,3],"4":[1,2],"5":[1,3],"6":[3,2],"7":[1,2]},"_coverageSchema":"1a1c01bbd47fc00a2c39e90264f33305004495a9","hash":"6f9a8ca34c3ff30b1f30a10f9c4be0e380b86973"}
,"/Users/msriv/Documents/CodaPayments/src/load-balancer/StaticLoadBalancer.js": {"path":"/Users/msriv/Documents/CodaPayments/src/load-balancer/StaticLoadBalancer.js","statementMap":{"0":{"start":{"line":5,"column":4},"end":{"line":5,"column":18}},"1":{"start":{"line":6,"column":4},"end":{"line":6,"column":26}},"2":{"start":{"line":10,"column":4},"end":{"line":13,"column":6}},"3":{"start":{"line":17,"column":28},"end":{"line":17,"column":53}},"4":{"start":{"line":18,"column":4},"end":{"line":20,"column":5}},"5":{"start":{"line":19,"column":6},"end":{"line":19,"column":55}},"6":{"start":{"line":21,"column":20},"end":{"line":21,"column":79}},"7":{"start":{"line":22,"column":4},"end":{"line":22,"column":73}},"8":{"start":{"line":23,"column":4},"end":{"line":23,"column":19}}},"fnMap":{"0":{"name":"(anonymous_0)","decl":{"start":{"line":4,"column":2},"end":{"line":4,"column":3}},"loc":{"start":{"line":4,"column":22},"end":{"line":7,"column":3}},"line":4},"1":{"name":"(anonymous_1)","decl":{"start":{"line":9,"column":2},"end":{"line":9,"column":3}},"loc":{"start":{"line":9,"column":33},"end":{"line":14,"column":3}},"line":9},"2":{"name":"(anonymous_2)","decl":{"start":{"line":16,"column":2},"end":{"line":16,"column":3}},"loc":{"start":{"line":16,"column":19},"end":{"line":24,"column":3}},"line":16}},"branchMap":{"0":{"loc":{"start":{"line":18,"column":4},"end":{"line":20,"column":5}},"type":"if","locations":[{"start":{"line":18,"column":4},"end":{"line":20,"column":5}},{"start":{},"end":{}}],"line":18}},"s":{"0":6,"1":6,"2":1,"3":10,"4":10,"5":1,"6":9,"7":9,"8":9},"f":{"0":6,"1":1,"2":10},"b":{"0":[1,9]},"_coverageSchema":"1a1c01bbd47fc00a2c39e90264f33305004495a9","hash":"42234a7a1cc58bdec25911f6507e905e427c273d"}
,"/Users/msriv/Documents/CodaPayments/src/load-balancer/service.js": {"path":"/Users/msriv/Documents/CodaPayments/src/load-balancer/service.js","statementMap":{"0":{"start":{"line":9,"column":4},"end":{"line":9,"column":42}},"1":{"start":{"line":10,"column":4},"end":{"line":10,"column":55}},"2":{"start":{"line":11,"column":4},"end":{"line":11,"column":38}},"3":{"start":{"line":12,"column":4},"end":{"line":12,"column":35}},"4":{"start":{"line":16,"column":17},"end":{"line":16,"column":55}},"5":{"start":{"line":17,"column":4},"end":{"line":24,"column":5}},"6":{"start":{"line":19,"column":8},"end":{"line":19,"column":46}},"7":{"start":{"line":21,"column":8},"end":{"line":21,"column":43}},"8":{"start":{"line":23,"column":8},"end":{"line":23,"column":63}},"9":{"start":{"line":28,"column":4},"end":{"line":32,"column":7}},"10":{"start":{"line":36,"column":4},"end":{"line":36,"column":53}},"11":{"start":{"line":37,"column":4},"end":{"line":46,"column":7}},"12":{"start":{"line":38,"column":6},"end":{"line":38,"column":58}},"13":{"start":{"line":39,"column":6},"end":{"line":45,"column":8}},"14":{"start":{"line":49,"column":4},"end":{"line":54,"column":6}},"15":{"start":{"line":58,"column":4},"end":{"line":63,"column":7}},"16":{"start":{"line":74,"column":27},"end":{"line":74,"column":38}},"17":{"start":{"line":76,"column":20},"end":{"line":84,"column":5}},"18":{"start":{"line":86,"column":4},"end":{"line":86,"column":72}},"19":{"start":{"line":88,"column":4},"end":{"line":166,"column":7}},"20":{"start":{"line":89,"column":23},"end":{"line":89,"column":44}},"21":{"start":{"line":92,"column":6},"end":{"line":92,"column":32}},"22":{"start":{"line":94,"column":6},"end":{"line":102,"column":9}},"23":{"start":{"line":95,"column":8},"end":{"line":95,"column":49}},"24":{"start":{"line":96,"column":8},"end":{"line":96,"column":27}},"25":{"start":{"line":97,"column":8},"end":{"line":100,"column":9}},"26":{"start":{"line":98,"column":10},"end":{"line":98,"column":69}},"27":{"start":{"line":99,"column":10},"end":{"line":99,"column":64}},"28":{"start":{"line":101,"column":8},"end":{"line":101,"column":45}},"29":{"start":{"line":104,"column":6},"end":{"line":138,"column":9}},"30":{"start":{"line":105,"column":29},"end":{"line":105,"column":51}},"31":{"start":{"line":107,"column":8},"end":{"line":109,"column":9}},"32":{"start":{"line":108,"column":10},"end":{"line":108,"column":63}},"33":{"start":{"line":111,"column":8},"end":{"line":118,"column":10}},"34":{"start":{"line":121,"column":8},"end":{"line":121,"column":61}},"35":{"start":{"line":124,"column":8},"end":{"line":124,"column":27}},"36":{"start":{"line":126,"column":8},"end":{"line":128,"column":11}},"37":{"start":{"line":127,"column":10},"end":{"line":127,"column":20}},"38":{"start":{"line":130,"column":8},"end":{"line":137,"column":11}},"39":{"start":{"line":131,"column":10},"end":{"line":131,"column":71}},"40":{"start":{"line":132,"column":10},"end":{"line":135,"column":11}},"41":{"start":{"line":133,"column":12},"end":{"line":133,"column":71}},"42":{"start":{"line":134,"column":12},"end":{"line":134,"column":62}},"43":{"start":{"line":136,"column":10},"end":{"line":136,"column":24}},"44":{"start":{"line":140,"column":6},"end":{"line":153,"column":9}},"45":{"start":{"line":141,"column":8},"end":{"line":147,"column":10}},"46":{"start":{"line":148,"column":8},"end":{"line":151,"column":9}},"47":{"start":{"line":149,"column":10},"end":{"line":149,"column":69}},"48":{"start":{"line":150,"column":10},"end":{"line":150,"column":60}},"49":{"start":{"line":152,"column":8},"end":{"line":152,"column":20}},"50":{"start":{"line":156,"column":6},"end":{"line":162,"column":7}},"51":{"start":{"line":157,"column":8},"end":{"line":160,"column":10}},"52":{"start":{"line":161,"column":8},"end":{"line":161,"column":35}},"53":{"start":{"line":165,"column":6},"end":{"line":165,"column":21}},"54":{"start":{"line":170,"column":4},"end":{"line":226,"column":7}},"55":{"start":{"line":171,"column":23},"end":{"line":171,"column":25}},"56":{"start":{"line":172,"column":24},"end":{"line":172,"column":34}},"57":{"start":{"line":173,"column":24},"end":{"line":173,"column":53}},"58":{"start":{"line":175,"column":6},"end":{"line":175,"column":41}},"59":{"start":{"line":176,"column":6},"end":{"line":176,"column":67}},"60":{"start":{"line":178,"column":6},"end":{"line":180,"column":9}},"61":{"start":{"line":179,"column":8},"end":{"line":179,"column":57}},"62":{"start":{"line":182,"column":6},"end":{"line":182,"column":68}},"63":{"start":{"line":182,"column":34},"end":{"line":182,"column":65}},"64":{"start":{"line":184,"column":6},"end":{"line":217,"column":9}},"65":{"start":{"line":185,"column":8},"end":{"line":216,"column":9}},"66":{"start":{"line":186,"column":30},"end":{"line":186,"column":54}},"67":{"start":{"line":188,"column":10},"end":{"line":193,"column":11}},"68":{"start":{"line":189,"column":12},"end":{"line":189,"column":60}},"69":{"start":{"line":190,"column":12},"end":{"line":190,"column":71}},"70":{"start":{"line":191,"column":12},"end":{"line":191,"column":72}},"71":{"start":{"line":192,"column":12},"end":{"line":192,"column":19}},"72":{"start":{"line":195,"column":10},"end":{"line":198,"column":12}},"73":{"start":{"line":200,"column":10},"end":{"line":207,"column":12}},"74":{"start":{"line":209,"column":10},"end":{"line":209,"column":53}},"75":{"start":{"line":211,"column":10},"end":{"line":211,"column":70}},"76":{"start":{"line":212,"column":10},"end":{"line":215,"column":11}},"77":{"start":{"line":213,"column":12},"end":{"line":213,"column":71}},"78":{"start":{"line":214,"column":12},"end":{"line":214,"column":72}},"79":{"start":{"line":219,"column":6},"end":{"line":225,"column":9}},"80":{"start":{"line":220,"column":8},"end":{"line":220,"column":70}},"81":{"start":{"line":221,"column":8},"end":{"line":224,"column":9}},"82":{"start":{"line":222,"column":10},"end":{"line":222,"column":69}},"83":{"start":{"line":223,"column":10},"end":{"line":223,"column":60}},"84":{"start":{"line":230,"column":4},"end":{"line":232,"column":7}},"85":{"start":{"line":231,"column":6},"end":{"line":231,"column":63}},"86":{"start":{"line":234,"column":4},"end":{"line":237,"column":7}},"87":{"start":{"line":235,"column":6},"end":{"line":235,"column":50}},"88":{"start":{"line":236,"column":6},"end":{"line":236,"column":22}},"89":{"start":{"line":239,"column":4},"end":{"line":242,"column":7}},"90":{"start":{"line":240,"column":6},"end":{"line":240,"column":55}},"91":{"start":{"line":241,"column":6},"end":{"line":241,"column":23}},"92":{"start":{"line":244,"column":4},"end":{"line":247,"column":7}},"93":{"start":{"line":245,"column":6},"end":{"line":245,"column":72}},"94":{"start":{"line":246,"column":6},"end":{"line":246,"column":23}},"95":{"start":{"line":251,"column":4},"end":{"line":254,"column":7}},"96":{"start":{"line":252,"column":6},"end":{"line":252,"column":59}},"97":{"start":{"line":253,"column":6},"end":{"line":253,"column":29}},"98":{"start":{"line":258,"column":27},"end":{"line":258,"column":40}},"99":{"start":{"line":260,"column":4},"end":{"line":260,"column":30}},"100":{"start":{"line":262,"column":4},"end":{"line":264,"column":7}},"101":{"start":{"line":263,"column":6},"end":{"line":263,"column":64}},"102":{"start":{"line":269,"column":0},"end":{"line":272,"column":1}},"103":{"start":{"line":270,"column":18},"end":{"line":270,"column":43}},"104":{"start":{"line":271,"column":2},"end":{"line":271,"column":18}}},"fnMap":{"0":{"name":"(anonymous_0)","decl":{"start":{"line":8,"column":2},"end":{"line":8,"column":3}},"loc":{"start":{"line":8,"column":16},"end":{"line":13,"column":3}},"line":8},"1":{"name":"(anonymous_1)","decl":{"start":{"line":15,"column":2},"end":{"line":15,"column":3}},"loc":{"start":{"line":15,"column":33},"end":{"line":25,"column":3}},"line":15},"2":{"name":"(anonymous_2)","decl":{"start":{"line":27,"column":2},"end":{"line":27,"column":3}},"loc":{"start":{"line":27,"column":21},"end":{"line":33,"column":3}},"line":27},"3":{"name":"(anonymous_3)","decl":{"start":{"line":35,"column":2},"end":{"line":35,"column":3}},"loc":{"start":{"line":35,"column":28},"end":{"line":55,"column":3}},"line":35},"4":{"name":"(anonymous_4)","decl":{"start":{"line":37,"column":35},"end":{"line":37,"column":36}},"loc":{"start":{"line":37,"column":48},"end":{"line":46,"column":5}},"line":37},"5":{"name":"(anonymous_5)","decl":{"start":{"line":57,"column":2},"end":{"line":57,"column":3}},"loc":{"start":{"line":57,"column":27},"end":{"line":64,"column":3}},"line":57},"6":{"name":"(anonymous_6)","decl":{"start":{"line":66,"column":2},"end":{"line":66,"column":3}},"loc":{"start":{"line":73,"column":4},"end":{"line":167,"column":3}},"line":73},"7":{"name":"(anonymous_7)","decl":{"start":{"line":88,"column":23},"end":{"line":88,"column":24}},"loc":{"start":{"line":88,"column":44},"end":{"line":166,"column":5}},"line":88},"8":{"name":"(anonymous_8)","decl":{"start":{"line":94,"column":29},"end":{"line":94,"column":30}},"loc":{"start":{"line":94,"column":35},"end":{"line":102,"column":7}},"line":94},"9":{"name":"(anonymous_9)","decl":{"start":{"line":104,"column":30},"end":{"line":104,"column":31}},"loc":{"start":{"line":104,"column":44},"end":{"line":138,"column":7}},"line":104},"10":{"name":"(anonymous_10)","decl":{"start":{"line":126,"column":27},"end":{"line":126,"column":28}},"loc":{"start":{"line":126,"column":33},"end":{"line":128,"column":9}},"line":126},"11":{"name":"(anonymous_11)","decl":{"start":{"line":130,"column":29},"end":{"line":130,"column":30}},"loc":{"start":{"line":130,"column":40},"end":{"line":137,"column":9}},"line":130},"12":{"name":"(anonymous_12)","decl":{"start":{"line":140,"column":27},"end":{"line":140,"column":28}},"loc":{"start":{"line":140,"column":36},"end":{"line":153,"column":7}},"line":140},"13":{"name":"(anonymous_13)","decl":{"start":{"line":169,"column":2},"end":{"line":169,"column":3}},"loc":{"start":{"line":169,"column":17},"end":{"line":227,"column":3}},"line":169},"14":{"name":"(anonymous_14)","decl":{"start":{"line":170,"column":29},"end":{"line":170,"column":30}},"loc":{"start":{"line":170,"column":43},"end":{"line":226,"column":5}},"line":170},"15":{"name":"(anonymous_15)","decl":{"start":{"line":178,"column":22},"end":{"line":178,"column":23}},"loc":{"start":{"line":178,"column":28},"end":{"line":180,"column":7}},"line":178},"16":{"name":"(anonymous_16)","decl":{"start":{"line":182,"column":21},"end":{"line":182,"column":22}},"loc":{"start":{"line":182,"column":34},"end":{"line":182,"column":65}},"line":182},"17":{"name":"(anonymous_17)","decl":{"start":{"line":184,"column":20},"end":{"line":184,"column":21}},"loc":{"start":{"line":184,"column":32},"end":{"line":217,"column":7}},"line":184},"18":{"name":"(anonymous_18)","decl":{"start":{"line":219,"column":22},"end":{"line":219,"column":23}},"loc":{"start":{"line":219,"column":31},"end":{"line":225,"column":7}},"line":219},"19":{"name":"(anonymous_19)","decl":{"start":{"line":229,"column":2},"end":{"line":229,"column":3}},"loc":{"start":{"line":229,"column":23},"end":{"line":248,"column":3}},"line":229},"20":{"name":"(anonymous_20)","decl":{"start":{"line":230,"column":28},"end":{"line":230,"column":29}},"loc":{"start":{"line":230,"column":37},"end":{"line":232,"column":5}},"line":230},"21":{"name":"(anonymous_21)","decl":{"start":{"line":234,"column":26},"end":{"line":234,"column":27}},"loc":{"start":{"line":234,"column":32},"end":{"line":237,"column":5}},"line":234},"22":{"name":"(anonymous_22)","decl":{"start":{"line":239,"column":36},"end":{"line":239,"column":37}},"loc":{"start":{"line":239,"column":45},"end":{"line":242,"column":5}},"line":239},"23":{"name":"(anonymous_23)","decl":{"start":{"line":244,"column":37},"end":{"line":244,"column":38}},"loc":{"start":{"line":244,"column":49},"end":{"line":247,"column":5}},"line":244},"24":{"name":"(anonymous_24)","decl":{"start":{"line":250,"column":2},"end":{"line":250,"column":3}},"loc":{"start":{"line":250,"column":25},"end":{"line":255,"column":3}},"line":250},"25":{"name":"(anonymous_25)","decl":{"start":{"line":251,"column":22},"end":{"line":251,"column":23}},"loc":{"start":{"line":251,"column":28},"end":{"line":254,"column":5}},"line":251},"26":{"name":"(anonymous_26)","decl":{"start":{"line":257,"column":2},"end":{"line":257,"column":3}},"loc":{"start":{"line":257,"column":10},"end":{"line":265,"column":3}},"line":257},"27":{"name":"(anonymous_27)","decl":{"start":{"line":262,"column":35},"end":{"line":262,"column":36}},"loc":{"start":{"line":262,"column":41},"end":{"line":264,"column":5}},"line":262}},"branchMap":{"0":{"loc":{"start":{"line":17,"column":4},"end":{"line":24,"column":5}},"type":"switch","locations":[{"start":{"line":18,"column":6},"end":{"line":19,"column":46}},{"start":{"line":20,"column":6},"end":{"line":21,"column":43}},{"start":{"line":22,"column":6},"end":{"line":23,"column":63}}],"line":17},"1":{"loc":{"start":{"line":97,"column":8},"end":{"line":100,"column":9}},"type":"if","locations":[{"start":{"line":97,"column":8},"end":{"line":100,"column":9}},{"start":{},"end":{}}],"line":97},"2":{"loc":{"start":{"line":107,"column":8},"end":{"line":109,"column":9}},"type":"if","locations":[{"start":{"line":107,"column":8},"end":{"line":109,"column":9}},{"start":{},"end":{}}],"line":107},"3":{"loc":{"start":{"line":132,"column":10},"end":{"line":135,"column":11}},"type":"if","locations":[{"start":{"line":132,"column":10},"end":{"line":135,"column":11}},{"start":{},"end":{}}],"line":132},"4":{"loc":{"start":{"line":148,"column":8},"end":{"line":151,"column":9}},"type":"if","locations":[{"start":{"line":148,"column":8},"end":{"line":151,"column":9}},{"start":{},"end":{}}],"line":148},"5":{"loc":{"start":{"line":156,"column":6},"end":{"line":162,"column":7}},"type":"if","locations":[{"start":{"line":156,"column":6},"end":{"line":162,"column":7}},{"start":{},"end":{}}],"line":156},"6":{"loc":{"start":{"line":188,"column":10},"end":{"line":193,"column":11}},"type":"if","locations":[{"start":{"line":188,"column":10},"end":{"line":193,"column":11}},{"start":{},"end":{}}],"line":188},"7":{"loc":{"start":{"line":212,"column":10},"end":{"line":215,"column":11}},"type":"if","locations":[{"start":{"line":212,"column":10},"end":{"line":215,"column":11}},{"start":{},"end":{}}],"line":212},"8":{"loc":{"start":{"line":221,"column":8},"end":{"line":224,"column":9}},"type":"if","locations":[{"start":{"line":221,"column":8},"end":{"line":224,"column":9}},{"start":{},"end":{}}],"line":221},"9":{"loc":{"start":{"line":250,"column":11},"end":{"line":250,"column":23}},"type":"default-arg","locations":[{"start":{"line":250,"column":22},"end":{"line":250,"column":23}}],"line":250},"10":{"loc":{"start":{"line":269,"column":0},"end":{"line":272,"column":1}},"type":"if","locations":[{"start":{"line":269,"column":0},"end":{"line":272,"column":1}},{"start":{},"end":{}}],"line":269}},"s":{"0":3,"1":3,"2":3,"3":3,"4":3,"5":3,"6":3,"7":0,"8":0,"9":3,"10":3,"11":3,"12":6,"13":6,"14":3,"15":0,"16":0,"17":0,"18":0,"19":0,"20":0,"21":0,"22":0,"23":0,"24":0,"25":0,"26":0,"27":0,"28":0,"29":0,"30":0,"31":0,"32":0,"33":0,"34":0,"35":0,"36":0,"37":0,"38":0,"39":0,"40":0,"41":0,"42":0,"43":0,"44":0,"45":0,"46":0,"47":0,"48":0,"49":0,"50":0,"51":0,"52":0,"53":0,"54":3,"55":0,"56":0,"57":0,"58":0,"59":0,"60":0,"61":0,"62":0,"63":0,"64":0,"65":0,"66":0,"67":0,"68":0,"69":0,"70":0,"71":0,"72":0,"73":0,"74":0,"75":0,"76":0,"77":0,"78":0,"79":0,"80":0,"81":0,"82":0,"83":0,"84":0,"85":0,"86":0,"87":0,"88":0,"89":0,"90":0,"91":0,"92":0,"93":0,"94":0,"95":1,"96":0,"97":0,"98":0,"99":0,"100":0,"101":0,"102":1,"103":0,"104":0},"f":{"0":3,"1":3,"2":3,"3":3,"4":6,"5":0,"6":0,"7":0,"8":0,"9":0,"10":0,"11":0,"12":0,"13":3,"14":0,"15":0,"16":0,"17":0,"18":0,"19":0,"20":0,"21":0,"22":0,"23":0,"24":1,"25":0,"26":0,"27":0},"b":{"0":[3,0,0],"1":[0,0],"2":[0,0],"3":[0,0],"4":[0,0],"5":[0,0],"6":[0,0],"7":[0,0],"8":[0,0],"9":[1],"10":[0,1]},"_coverageSchema":"1a1c01bbd47fc00a2c39e90264f33305004495a9","hash":"97bf4c000cd5afa3caece212fc8e877794d190ae"}
,"/Users/msriv/Documents/CodaPayments/src/utils/logger.js": {"path":"/Users/msriv/Documents/CodaPayments/src/utils/logger.js","statementMap":{"0":{"start":{"line":4,"column":20},"end":{"line":14,"column":1}},"1":{"start":{"line":16,"column":19},"end":{"line":28,"column":1}},"2":{"start":{"line":20,"column":6},"end":{"line":20,"column":30}},"3":{"start":{"line":27,"column":19},"end":{"line":27,"column":63}},"4":{"start":{"line":30,"column":22},"end":{"line":32,"column":1}},"5":{"start":{"line":34,"column":0},"end":{"line":38,"column":2}}},"fnMap":{"0":{"name":"(anonymous_0)","decl":{"start":{"line":19,"column":11},"end":{"line":19,"column":12}},"loc":{"start":{"line":19,"column":22},"end":{"line":21,"column":5}},"line":19},"1":{"name":"(anonymous_1)","decl":{"start":{"line":27,"column":13},"end":{"line":27,"column":14}},"loc":{"start":{"line":27,"column":19},"end":{"line":27,"column":63}},"line":27}},"branchMap":{"0":{"loc":{"start":{"line":5,"column":9},"end":{"line":5,"column":41}},"type":"binary-expr","locations":[{"start":{"line":5,"column":9},"end":{"line":5,"column":30}},{"start":{"line":5,"column":34},"end":{"line":5,"column":41}}],"line":5},"1":{"loc":{"start":{"line":17,"column":9},"end":{"line":17,"column":40}},"type":"binary-expr","locations":[{"start":{"line":17,"column":9},"end":{"line":17,"column":30}},{"start":{"line":17,"column":34},"end":{"line":17,"column":40}}],"line":17},"2":{"loc":{"start":{"line":25,"column":13},"end":{"line":25,"column":56}},"type":"binary-expr","locations":[{"start":{"line":25,"column":13},"end":{"line":25,"column":37}},{"start":{"line":25,"column":41},"end":{"line":25,"column":56}}],"line":25},"3":{"loc":{"start":{"line":31,"column":2},"end":{"line":31,"column":66}},"type":"cond-expr","locations":[{"start":{"line":31,"column":42},"end":{"line":31,"column":52}},{"start":{"line":31,"column":55},"end":{"line":31,"column":66}}],"line":31}},"s":{"0":1,"1":1,"2":0,"3":0,"4":1,"5":1},"f":{"0":0,"1":0},"b":{"0":[1,1],"1":[1,1],"2":[1,1],"3":[0,1]},"_coverageSchema":"1a1c01bbd47fc00a2c39e90264f33305004495a9","hash":"ae64739c74ddb5132256497a4ccf90f6487875dd"}
}
