TN:
SF:src/application.js
FN:7,(anonymous_0)
FN:13,(anonymous_1)
FN:18,(anonymous_2)
FN:26,(anonymous_3)
FN:36,(anonymous_4)
FN:43,(anonymous_5)
FN:53,(anonymous_6)
FN:58,(anonymous_7)
FN:61,(anonymous_8)
FN:65,(anonymous_9)
FN:90,(anonymous_10)
FN:101,(anonymous_11)
FN:118,(anonymous_12)
FN:131,(anonymous_13)
FN:132,(anonymous_14)
FN:148,(anonymous_15)
FN:149,(anonymous_16)
FN:153,(anonymous_17)
FN:157,(anonymous_18)
FN:162,(anonymous_19)
FN:168,(anonymous_20)
FN:170,(anonymous_21)
FN:176,(anonymous_22)
FN:182,(anonymous_23)
FNF:24
FNH:6
FNDA:5,(anonymous_0)
FNDA:5,(anonymous_1)
FNDA:0,(anonymous_2)
FNDA:0,(anonymous_3)
FNDA:0,(anonymous_4)
FNDA:0,(anonymous_5)
FNDA:0,(anonymous_6)
FNDA:0,(anonymous_7)
FNDA:0,(anonymous_8)
FNDA:0,(anonymous_9)
FNDA:0,(anonymous_10)
FNDA:0,(anonymous_11)
FNDA:0,(anonymous_12)
FNDA:5,(anonymous_13)
FNDA:0,(anonymous_14)
FNDA:2,(anonymous_15)
FNDA:0,(anonymous_16)
FNDA:0,(anonymous_17)
FNDA:0,(anonymous_18)
FNDA:0,(anonymous_19)
FNDA:1,(anonymous_20)
FNDA:0,(anonymous_21)
FNDA:2,(anonymous_22)
FNDA:0,(anonymous_23)
DA:8,5
DA:9,5
DA:10,5
DA:14,5
DA:15,5
DA:19,0
DA:27,0
DA:37,0
DA:38,0
DA:39,0
DA:40,0
DA:44,0
DA:45,0
DA:46,0
DA:47,0
DA:48,0
DA:51,0
DA:53,0
DA:54,0
DA:59,0
DA:61,0
DA:62,0
DA:65,0
DA:66,0
DA:67,0
DA:76,0
DA:77,0
DA:78,0
DA:80,0
DA:90,0
DA:91,0
DA:102,0
DA:103,0
DA:110,0
DA:113,0
DA:114,0
DA:115,0
DA:119,0
DA:126,0
DA:127,0
DA:128,0
DA:132,5
DA:133,0
DA:134,0
DA:135,0
DA:138,0
DA:139,0
DA:140,0
DA:141,0
DA:143,0
DA:149,2
DA:150,0
DA:153,2
DA:154,0
DA:157,2
DA:158,0
DA:159,0
DA:162,2
DA:163,0
DA:164,0
DA:169,1
DA:170,1
DA:171,0
DA:172,0
DA:177,2
DA:178,2
DA:180,2
DA:182,2
DA:183,0
DA:188,1
DA:189,0
DA:190,0
LF:72
LH:17
BRDA:44,0,0,0
BRDA:44,0,1,0
BRDA:102,1,0,0
BRDA:102,1,1,0
BRDA:138,2,0,0
BRDA:138,2,1,0
BRDA:138,3,0,0
BRDA:138,3,1,0
BRDA:140,4,0,0
BRDA:140,4,1,0
BRDA:168,5,0,1
BRDA:177,6,0,2
BRDA:177,6,1,2
BRDA:188,7,0,0
BRDA:188,7,1,1
BRF:15
BRH:4
end_of_record
TN:
SF:src/config/config.js
FNF:0
FNH:0
LF:0
LH:0
BRDA:3,0,0,1
BRDA:3,0,1,1
BRDA:11,1,0,1
BRDA:11,1,1,1
BRDA:12,2,0,1
BRDA:12,2,1,1
BRF:6
BRH:6
end_of_record
TN:
SF:src/load-balancer/BaseLoadBalancer.js
FN:2,(anonymous_0)
FN:8,(anonymous_1)
FN:9,(anonymous_2)
FN:14,(anonymous_3)
FN:16,(anonymous_4)
FN:20,(anonymous_5)
FN:31,(anonymous_6)
FN:38,(anonymous_7)
FN:62,(anonymous_8)
FN:63,(anonymous_9)
FN:66,(anonymous_10)
FN:70,(anonymous_11)
FNF:12
FNH:11
FNDA:10,(anonymous_0)
FNDA:10,(anonymous_1)
FNDA:0,(anonymous_2)
FNDA:1,(anonymous_3)
FNDA:2,(anonymous_4)
FNDA:11,(anonymous_5)
FNDA:2,(anonymous_6)
FNDA:2,(anonymous_7)
FNDA:1,(anonymous_8)
FNDA:3,(anonymous_9)
FNDA:1,(anonymous_10)
FNDA:1,(anonymous_11)
DA:3,10
DA:4,10
DA:5,10
DA:9,10
DA:10,0
DA:15,1
DA:16,2
DA:21,11
DA:22,2
DA:25,9
DA:26,2
DA:29,7
DA:31,2
DA:34,6
DA:39,2
DA:40,2
DA:41,2
DA:47,1
DA:49,1
DA:50,1
DA:63,3
DA:67,1
DA:71,1
LF:23
LH:22
BRDA:16,0,0,2
BRDA:16,0,1,1
BRDA:21,1,0,2
BRDA:21,1,1,9
BRDA:21,2,0,11
BRDA:21,2,1,10
BRDA:25,3,0,2
BRDA:25,3,1,7
BRDA:25,4,0,9
BRDA:25,4,1,8
BRDA:29,5,0,6
BRDA:29,5,1,1
BRDA:31,6,0,2
BRDA:31,6,1,1
BRF:14
BRH:14
end_of_record
TN:
SF:src/load-balancer/LRTLoadBalancer.js
FN:4,(anonymous_0)
FN:8,(anonymous_1)
FN:22,(anonymous_2)
FN:27,(anonymous_3)
FN:36,(anonymous_4)
FN:41,(anonymous_5)
FNF:6
FNH:6
FNDA:11,(anonymous_0)
FNDA:3,(anonymous_1)
FNDA:3,(anonymous_2)
FNDA:3,(anonymous_3)
FNDA:4,(anonymous_4)
FNDA:3,(anonymous_5)
DA:5,11
DA:9,3
DA:10,2
DA:13,1
DA:23,3
DA:24,3
DA:25,1
DA:27,2
DA:28,3
DA:29,3
DA:37,4
DA:38,1
DA:40,3
DA:41,3
DA:43,3
DA:44,1
DA:46,2
DA:47,2
DA:48,2
LF:19
LH:19
BRDA:9,0,0,2
BRDA:9,0,1,1
BRDA:9,1,0,3
BRDA:9,1,1,2
BRDA:24,2,0,1
BRDA:24,2,1,2
BRDA:28,3,0,0
BRDA:28,3,1,3
BRDA:29,4,0,1
BRDA:29,4,1,2
BRDA:37,5,0,1
BRDA:37,5,1,3
BRDA:41,6,0,3
BRDA:41,6,1,2
BRDA:43,7,0,1
BRDA:43,7,1,2
BRF:16
BRH:15
end_of_record
TN:
SF:src/load-balancer/StaticLoadBalancer.js
FN:4,(anonymous_0)
FN:9,(anonymous_1)
FN:16,(anonymous_2)
FNF:3
FNH:3
FNDA:6,(anonymous_0)
FNDA:1,(anonymous_1)
FNDA:10,(anonymous_2)
DA:5,6
DA:6,6
DA:10,1
DA:17,10
DA:18,10
DA:19,1
DA:21,9
DA:22,9
DA:23,9
LF:9
LH:9
BRDA:18,0,0,1
BRDA:18,0,1,9
BRF:2
BRH:2
end_of_record
TN:
SF:src/load-balancer/service.js
FN:8,(anonymous_0)
FN:15,(anonymous_1)
FN:27,(anonymous_2)
FN:35,(anonymous_3)
FN:37,(anonymous_4)
FN:57,(anonymous_5)
FN:66,(anonymous_6)
FN:88,(anonymous_7)
FN:94,(anonymous_8)
FN:104,(anonymous_9)
FN:126,(anonymous_10)
FN:130,(anonymous_11)
FN:140,(anonymous_12)
FN:169,(anonymous_13)
FN:170,(anonymous_14)
FN:178,(anonymous_15)
FN:182,(anonymous_16)
FN:184,(anonymous_17)
FN:219,(anonymous_18)
FN:229,(anonymous_19)
FN:230,(anonymous_20)
FN:234,(anonymous_21)
FN:239,(anonymous_22)
FN:244,(anonymous_23)
FN:250,(anonymous_24)
FN:251,(anonymous_25)
FN:257,(anonymous_26)
FN:262,(anonymous_27)
FNF:28
FNH:7
FNDA:3,(anonymous_0)
FNDA:3,(anonymous_1)
FNDA:3,(anonymous_2)
FNDA:3,(anonymous_3)
FNDA:6,(anonymous_4)
FNDA:0,(anonymous_5)
FNDA:0,(anonymous_6)
FNDA:0,(anonymous_7)
FNDA:0,(anonymous_8)
FNDA:0,(anonymous_9)
FNDA:0,(anonymous_10)
FNDA:0,(anonymous_11)
FNDA:0,(anonymous_12)
FNDA:3,(anonymous_13)
FNDA:0,(anonymous_14)
FNDA:0,(anonymous_15)
FNDA:0,(anonymous_16)
FNDA:0,(anonymous_17)
FNDA:0,(anonymous_18)
FNDA:0,(anonymous_19)
FNDA:0,(anonymous_20)
FNDA:0,(anonymous_21)
FNDA:0,(anonymous_22)
FNDA:0,(anonymous_23)
FNDA:1,(anonymous_24)
FNDA:0,(anonymous_25)
FNDA:0,(anonymous_26)
FNDA:0,(anonymous_27)
DA:9,3
DA:10,3
DA:11,3
DA:12,3
DA:16,3
DA:17,3
DA:19,3
DA:21,0
DA:23,0
DA:28,3
DA:36,3
DA:37,3
DA:38,6
DA:39,6
DA:49,3
DA:58,0
DA:74,0
DA:76,0
DA:86,0
DA:88,0
DA:89,0
DA:92,0
DA:94,0
DA:95,0
DA:96,0
DA:97,0
DA:98,0
DA:99,0
DA:101,0
DA:104,0
DA:105,0
DA:107,0
DA:108,0
DA:111,0
DA:121,0
DA:124,0
DA:126,0
DA:127,0
DA:130,0
DA:131,0
DA:132,0
DA:133,0
DA:134,0
DA:136,0
DA:140,0
DA:141,0
DA:148,0
DA:149,0
DA:150,0
DA:152,0
DA:156,0
DA:157,0
DA:161,0
DA:165,0
DA:170,3
DA:171,0
DA:172,0
DA:173,0
DA:175,0
DA:176,0
DA:178,0
DA:179,0
DA:182,0
DA:184,0
DA:185,0
DA:186,0
DA:188,0
DA:189,0
DA:190,0
DA:191,0
DA:192,0
DA:195,0
DA:200,0
DA:209,0
DA:211,0
DA:212,0
DA:213,0
DA:214,0
DA:219,0
DA:220,0
DA:221,0
DA:222,0
DA:223,0
DA:230,0
DA:231,0
DA:234,0
DA:235,0
DA:236,0
DA:239,0
DA:240,0
DA:241,0
DA:244,0
DA:245,0
DA:246,0
DA:251,1
DA:252,0
DA:253,0
DA:258,0
DA:260,0
DA:262,0
DA:263,0
DA:269,1
DA:270,0
DA:271,0
LF:104
LH:16
BRDA:17,0,0,3
BRDA:17,0,1,0
BRDA:17,0,2,0
BRDA:97,1,0,0
BRDA:97,1,1,0
BRDA:107,2,0,0
BRDA:107,2,1,0
BRDA:132,3,0,0
BRDA:132,3,1,0
BRDA:148,4,0,0
BRDA:148,4,1,0
BRDA:156,5,0,0
BRDA:156,5,1,0
BRDA:188,6,0,0
BRDA:188,6,1,0
BRDA:212,7,0,0
BRDA:212,7,1,0
BRDA:221,8,0,0
BRDA:221,8,1,0
BRDA:250,9,0,1
BRDA:269,10,0,0
BRDA:269,10,1,1
BRF:22
BRH:3
end_of_record
TN:
SF:src/utils/logger.js
FN:19,(anonymous_0)
FN:27,(anonymous_1)
FNF:2
FNH:0
FNDA:0,(anonymous_0)
FNDA:0,(anonymous_1)
DA:4,1
DA:16,1
DA:20,0
DA:27,0
DA:30,1
DA:34,1
LF:6
LH:4
BRDA:5,0,0,1
BRDA:5,0,1,1
BRDA:17,1,0,1
BRDA:17,1,1,1
BRDA:25,2,0,1
BRDA:25,2,1,1
BRDA:31,3,0,0
BRDA:31,3,1,1
BRF:8
BRH:7
end_of_record
